C:\USERS\MARTIN\DESKTOP\OPENGL 2010\WINDOWS\OGLDEV\DEBUG\TUTORIAL25\CAMERA.OBJ
C:\USERS\MARTIN\DESKTOP\OPENGL 2010\WINDOWS\OGLDEV\DEBUG\TUTORIAL25\CUBEMAP_TEXTURE.OBJ
C:\USERS\MARTIN\DESKTOP\OPENGL 2010\WINDOWS\OGLDEV\DEBUG\TUTORIAL25\GLUT_BACKEND.OBJ
C:\USERS\MARTIN\DESKTOP\OPENGL 2010\WINDOWS\OGLDEV\DEBUG\TUTORIAL25\LIGHTING_TECHNIQUE.OBJ
C:\USERS\MARTIN\DESKTOP\OPENGL 2010\WINDOWS\OGLDEV\DEBUG\TUTORIAL25\MATH_3D.OBJ
C:\USERS\MARTIN\DESKTOP\OPENGL 2010\WINDOWS\OGLDEV\DEBUG\TUTORIAL25\MESH.OBJ
C:\USERS\MARTIN\DESKTOP\OPENGL 2010\WINDOWS\OGLDEV\DEBUG\TUTORIAL25\PIPELINE.OBJ
C:\USERS\MARTIN\DESKTOP\OPENGL 2010\WINDOWS\OGLDEV\DEBUG\TUTORIAL25\SKYBOX.OBJ
C:\USERS\MARTIN\DESKTOP\OPENGL 2010\WINDOWS\OGLDEV\DEBUG\TUTORIAL25\SKYBOX_TECHNIQUE.OBJ
C:\USERS\MARTIN\DESKTOP\OPENGL 2010\WINDOWS\OGLDEV\DEBUG\TUTORIAL25\TECHNIQUE.OBJ
C:\USERS\MARTIN\DESKTOP\OPENGL 2010\WINDOWS\OGLDEV\DEBUG\TUTORIAL25\TEXTURE.OBJ
C:\USERS\MARTIN\DESKTOP\OPENGL 2010\WINDOWS\OGLDEV\DEBUG\TUTORIAL25\TUTORIAL25.OBJ
C:\USERS\MARTIN\DESKTOP\OPENGL 2010\WINDOWS\OGLDEV\DEBUG\TUTORIAL25\VC100.PDB
C:\USERS\MARTIN\DESKTOP\OPENGL 2010\WINDOWS\OGLDEV\DEBUG\TUTORIAL25\VC110.PDB
C:\USERS\MARTIN\DESKTOP\OPENGL 2010\WINDOWS\OGLDEV\DEBUG\TUTORIAL25.ILK
C:\USERS\MARTIN\DESKTOP\OPENGL 2010\WINDOWS\OGLDEV\DEBUG\TUTORIAL25.EXE
C:\USERS\MARTIN\DESKTOP\OPENGL 2010\WINDOWS\OGLDEV\DEBUG\TUTORIAL25\TUTORIAL25.EXE.INTERMEDIATE.MANIFEST
C:\USERS\MARTIN\DESKTOP\OPENGL 2010\WINDOWS\OGLDEV\DEBUG\TUTORIAL25.PDB
C:\USERS\MARTIN\DESKTOP\OPENGL 2010\WINDOWS\OGLDEV\DEBUG\TUTORIAL25\TUTORIAL25.EXE.EMBED.MANIFEST
C:\USERS\MARTIN\DESKTOP\OPENGL 2010\WINDOWS\OGLDEV\DEBUG\TUTORIAL25\TUTORIAL25.EXE.EMBED.MANIFEST.RES
C:\Users\Martin\Desktop\OpenGL 2010\Windows\ogldev\Debug\Tutorial25\Tutorial25.vcxprojResolveAssemblyReference.cache
C:\Users\Martin\Desktop\OpenGL 2010\Windows\ogldev\Debug\Tutorial25\camera.obj
C:\Users\Martin\Desktop\OpenGL 2010\Windows\ogldev\Debug\Tutorial25\cubemap_texture.obj
C:\Users\Martin\Desktop\OpenGL 2010\Windows\ogldev\Debug\Tutorial25\glut_backend.obj
C:\Users\Martin\Desktop\OpenGL 2010\Windows\ogldev\Debug\Tutorial25\lighting_technique.obj
C:\Users\Martin\Desktop\OpenGL 2010\Windows\ogldev\Debug\Tutorial25\math_3d.obj
C:\Users\Martin\Desktop\OpenGL 2010\Windows\ogldev\Debug\Tutorial25\mesh.obj
C:\Users\Martin\Desktop\OpenGL 2010\Windows\ogldev\Debug\Tutorial25\pipeline.obj
C:\Users\Martin\Desktop\OpenGL 2010\Windows\ogldev\Debug\Tutorial25\skybox.obj
C:\Users\Martin\Desktop\OpenGL 2010\Windows\ogldev\Debug\Tutorial25\skybox_technique.obj
C:\Users\Martin\Desktop\OpenGL 2010\Windows\ogldev\Debug\Tutorial25\technique.obj
C:\Users\Martin\Desktop\OpenGL 2010\Windows\ogldev\Debug\Tutorial25\texture.obj
C:\Users\Martin\Desktop\OpenGL 2010\Windows\ogldev\Debug\Tutorial25\tutorial25.obj
C:\Users\Martin\Desktop\OpenGL 2010\Windows\ogldev\Debug\Tutorial25\cl.command.1.tlog
C:\Users\Martin\Desktop\OpenGL 2010\Windows\ogldev\Debug\Tutorial25\CL.read.1.tlog
C:\Users\Martin\Desktop\OpenGL 2010\Windows\ogldev\Debug\Tutorial25\CL.write.1.tlog
C:\Users\Martin\Desktop\OpenGL 2010\Windows\ogldev\Debug\Tutorial25\link-cvtres.read.1.tlog
C:\Users\Martin\Desktop\OpenGL 2010\Windows\ogldev\Debug\Tutorial25\link-cvtres.write.1.tlog
C:\Users\Martin\Desktop\OpenGL 2010\Windows\ogldev\Debug\Tutorial25\link-rc.read.1.tlog
C:\Users\Martin\Desktop\OpenGL 2010\Windows\ogldev\Debug\Tutorial25\link-rc.write.1.tlog
C:\Users\Martin\Desktop\OpenGL 2010\Windows\ogldev\Debug\Tutorial25\link.5504-cvtres.read.1.tlog
C:\Users\Martin\Desktop\OpenGL 2010\Windows\ogldev\Debug\Tutorial25\link.5504-cvtres.write.1.tlog
C:\Users\Martin\Desktop\OpenGL 2010\Windows\ogldev\Debug\Tutorial25\link.5504.read.1.tlog
C:\Users\Martin\Desktop\OpenGL 2010\Windows\ogldev\Debug\Tutorial25\link.5504.write.1.tlog
C:\Users\Martin\Desktop\OpenGL 2010\Windows\ogldev\Debug\Tutorial25\link.command.1.tlog
C:\Users\Martin\Desktop\OpenGL 2010\Windows\ogldev\Debug\Tutorial25\link.read.1.tlog
C:\Users\Martin\Desktop\OpenGL 2010\Windows\ogldev\Debug\Tutorial25\link.write.1.tlog
C:\Users\Martin\Desktop\OpenGL 2010\Windows\ogldev\Debug\Tutorial25\mt.command.1.tlog
C:\Users\Martin\Desktop\OpenGL 2010\Windows\ogldev\Debug\Tutorial25\mt.read.1.tlog
C:\Users\Martin\Desktop\OpenGL 2010\Windows\ogldev\Debug\Tutorial25\mt.write.1.tlog
C:\Users\Martin\Desktop\OpenGL 2010\Windows\ogldev\Debug\Tutorial25\rc.command.1.tlog
C:\Users\Martin\Desktop\OpenGL 2010\Windows\ogldev\Debug\Tutorial25\rc.read.1.tlog
C:\Users\Martin\Desktop\OpenGL 2010\Windows\ogldev\Debug\Tutorial25\rc.write.1.tlog
C:\Users\Martin\Desktop\OpenGL 2010\Windows\ogldev\Debug\Tutorial25\Tutorial25.write.1.tlog
C:\Users\Martin\Desktop\OpenGL 2010\Windows\ogldev\Debug\Tutorial25\Tutorial25.exe.embed.manifest
C:\Users\Martin\Desktop\OpenGL 2010\Windows\ogldev\Debug\Tutorial25\Tutorial25.exe.intermediate.manifest
C:\Users\Martin\Desktop\OpenGL 2010\Windows\ogldev\Debug\Tutorial25\Tutorial25.exe.embed.manifest.res
C:\Users\Martin\Desktop\OpenGL 2010\Windows\ogldev\Debug\Tutorial25\vc100.idb
C:\Users\Martin\Desktop\OpenGL 2010\Windows\ogldev\Debug\Tutorial25\vc110.idb
C:\Users\Martin\Desktop\OpenGL 2010\Windows\ogldev\Debug\Tutorial25\vc100.pdb
C:\Users\Martin\Desktop\OpenGL 2010\Windows\ogldev\Debug\Tutorial25\vc110.pdb
C:\Users\Martin\Desktop\OpenGL 2010\Windows\ogldev\Debug\Tutorial25\Tutorial25_manifest.rc
C:\Users\Martin\Desktop\OpenGL 2010\Windows\ogldev\Debug\Tutorial25.pdb
